Log file open, 04/19/21 11:06:50
LogInit: Display: Running engine for game: FastForge
LogPlatformFile: Not using cached read wrapper
LogTaskGraph: Started task graph with 5 named threads and 35 total threads with 3 sets of task threads.
LogStats: Stats thread started at 0.280793
LogD3D11RHI: Loaded GFSDK_Aftermath_Lib.x64.dll
LogICUInternationalization: ICU TimeZone Detection - Raw Offset: +0:00, Platform Override: ''
LogPluginManager: Mounting plugin Paper2D
LogPluginManager: Mounting plugin AISupport
LogPluginManager: Mounting plugin LightPropagationVolume
LogPluginManager: Mounting plugin CameraShakePreviewer
LogPluginManager: Mounting plugin ActorLayerUtilities
LogPluginManager: Mounting plugin AnimationSharing
LogPluginManager: Mounting plugin CLionSourceCodeAccess
LogPluginManager: Mounting plugin CodeLiteSourceCodeAccess
LogPluginManager: Mounting plugin GitSourceControl
LogPluginManager: Mounting plugin KDevelopSourceCodeAccess
LogPluginManager: Mounting plugin NullSourceCodeAccess
LogPluginManager: Mounting plugin PerforceSourceControl
LogPluginManager: Mounting plugin PlasticSourceControl
LogPluginManager: Mounting plugin RiderSourceCodeAccess
LogPluginManager: Mounting plugin SubversionSourceControl
LogPluginManager: Mounting plugin UObjectPlugin
LogPluginManager: Mounting plugin VisualStudioCodeSourceCodeAccess
LogPluginManager: Mounting plugin VisualStudioSourceCodeAccess
LogPluginManager: Mounting plugin XCodeSourceCodeAccess
LogPluginManager: Mounting plugin AssetManagerEditor
LogPluginManager: Mounting plugin CryptoKeys
LogPluginManager: Mounting plugin CurveEditorTools
LogPluginManager: Mounting plugin DataValidation
LogPluginManager: Mounting plugin EditorScriptingUtilities
LogPluginManager: Mounting plugin FacialAnimation
LogPluginManager: Mounting plugin GameplayTagsEditor
LogPluginManager: Mounting plugin GeometryMode
LogPluginManager: Mounting plugin MacGraphicsSwitching
LogPluginManager: Mounting plugin MaterialAnalyzer
LogPluginManager: Mounting plugin MobileLauncherProfileWizard
LogPluginManager: Mounting plugin PluginBrowser
LogPluginManager: Mounting plugin SpeedTreeImporter
LogPluginManager: Mounting plugin DatasmithContent
LogPluginManager: Mounting plugin VariantManagerContent
LogPluginManager: Mounting plugin AlembicImporter
LogPluginManager: Mounting plugin AutomationUtils
LogPluginManager: Mounting plugin BackChannel
LogPluginManager: Mounting plugin ChaosCloth
LogPluginManager: Mounting plugin ChaosClothEditor
LogPluginManager: Mounting plugin ChaosEditor
LogPluginManager: Mounting plugin ChaosNiagara
LogPluginManager: Mounting plugin ChaosSolverPlugin
LogPluginManager: Mounting plugin CharacterAI
LogPluginManager: Mounting plugin GeometryCache
LogPluginManager: Mounting plugin GeometryCollectionPlugin
LogPluginManager: Mounting plugin GeometryProcessing
LogPluginManager: Mounting plugin PlanarCut
LogPluginManager: Mounting plugin PlatformCrypto
LogPluginManager: Mounting plugin ProxyLODPlugin
LogPluginManager: Mounting plugin PythonScriptPlugin
LogPluginManager: Mounting plugin SkeletalReduction
LogPluginManager: Mounting plugin Niagara
LogPluginManager: Mounting plugin MagicLeap
LogPluginManager: Mounting plugin MagicLeapLightEstimation
LogPluginManager: Mounting plugin MagicLeapMedia
LogPluginManager: Mounting plugin MagicLeapPassableWorld
LogPluginManager: Mounting plugin MLSDK
LogPluginManager: Mounting plugin AndroidMedia
LogPluginManager: Mounting plugin AvfMedia
LogPluginManager: Mounting plugin ImgMedia
LogPluginManager: Mounting plugin MediaCompositing
LogPluginManager: Mounting plugin MediaPlayerEditor
LogPluginManager: Mounting plugin WebMMedia
LogPluginManager: Mounting plugin WmfMedia
LogPluginManager: Mounting plugin MegascansPlugin
LogPluginManager: Mounting plugin MeshPainting
LogPluginManager: Mounting plugin TcpMessaging
LogPluginManager: Mounting plugin UdpMessaging
LogPluginManager: Mounting plugin ActorSequence
LogPluginManager: Mounting plugin LevelSequenceEditor
LogPluginManager: Mounting plugin MatineeToLevelSequence
LogPluginManager: Mounting plugin MovieRenderPipeline
LogPluginManager: Mounting plugin TemplateSequence
LogPluginManager: Mounting plugin NetcodeUnitTest
LogPluginManager: Mounting plugin NUTUnrealEngine4
LogPluginManager: Mounting plugin OnlineSubsystemGooglePlay
LogPluginManager: Mounting plugin OnlineSubsystemIOS
LogPluginManager: Mounting plugin OnlineSubsystem
LogPluginManager: Mounting plugin OnlineSubsystemNull
LogPluginManager: Mounting plugin OnlineSubsystemUtils
LogPluginManager: Mounting plugin LauncherChunkInstaller
LogPluginManager: Mounting plugin AndroidDeviceProfileSelector
LogPluginManager: Mounting plugin AndroidMoviePlayer
LogPluginManager: Mounting plugin AndroidPermission
LogPluginManager: Mounting plugin AppleImageUtils
LogPluginManager: Mounting plugin AppleMoviePlayer
LogPluginManager: Mounting plugin ArchVisCharacter
LogPluginManager: Mounting plugin AssetTags
LogPluginManager: Mounting plugin AudioCapture
LogPluginManager: Mounting plugin CableComponent
LogPluginManager: Mounting plugin CustomMeshComponent
LogPluginManager: Mounting plugin DatabaseSupport
LogPluginManager: Mounting plugin SQLiteCore
LogPluginManager: Mounting plugin SQLiteSupport
LogPluginManager: Mounting plugin EditableMesh
LogPluginManager: Mounting plugin ExampleDeviceProfileSelector
LogPluginManager: Mounting plugin GoogleCloudMessaging
LogPluginManager: Mounting plugin GooglePAD
LogPluginManager: Mounting plugin IOSDeviceProfileSelector
LogPluginManager: Mounting plugin LinuxDeviceProfileSelector
LogPluginManager: Mounting plugin LocationServicesBPLibrary
LogPluginManager: Mounting plugin MobilePatchingUtils
LogPluginManager: Mounting plugin OculusVR
LogPluginManager: Mounting plugin PhysXVehicles
LogPluginManager: Mounting plugin PostSplashScreen
LogPluginManager: Mounting plugin ProceduralMeshComponent
LogPluginManager: Mounting plugin RuntimePhysXCooking
LogPluginManager: Mounting plugin SignificanceManager
LogPluginManager: Mounting plugin SoundFields
LogPluginManager: Mounting plugin SteamVR
LogPluginManager: Mounting plugin Synthesis
LogPluginManager: Mounting plugin WebMMoviePlayer
LogPluginManager: Mounting plugin WindowsMoviePlayer
LogPluginManager: Mounting plugin ScreenshotTools
LogInit: Using libcurl 7.55.1-DEV
LogInit:  - built for x86_64-pc-win32
LogInit:  - supports SSL with OpenSSL/1.1.1
LogInit:  - supports HTTP deflate (compression) using libz 1.2.8
LogInit:  - other features:
LogInit:      CURL_VERSION_SSL
LogInit:      CURL_VERSION_LIBZ
LogInit:      CURL_VERSION_IPV6
LogInit:      CURL_VERSION_ASYNCHDNS
LogInit:      CURL_VERSION_LARGEFILE
LogInit:      CURL_VERSION_IDN
LogInit:  CurlRequestOptions (configurable via config and command line):
LogInit:  - bVerifyPeer = true  - Libcurl will verify peer certificate
LogInit:  - bUseHttpProxy = false  - Libcurl will NOT use HTTP proxy
LogInit:  - bDontReuseConnections = false  - Libcurl will reuse connections
LogInit:  - MaxHostConnections = 16  - Libcurl will limit the number of connections to a host
LogInit:  - LocalHostAddr = Default
LogInit:  - BufferSize = 65536
LogOnline: OSS: Creating online subsystem instance for: NULL
LogInit: WinSock: version 1.1 (2.2), MaxSocks=32767, MaxUdp=65467
LogOnline: OSS: TryLoadSubsystemAndSetDefault: Loaded subsystem for module [NULL]
LogInit: Build: ++UE4+Release-4.25-CL-14469661
LogInit: Engine Version: 4.25.4-14469661+++UE4+Release-4.25
LogInit: Compatible Engine Version: 4.25.0-13144385+++UE4+Release-4.25
LogInit: Net CL: 13144385
LogInit: OS: Windows 10 (Release 2004) (), CPU: Intel(R) Core(TM) i7-8700K CPU @ 3.70GHz, GPU: NVIDIA GeForce GTX 1070
LogInit: Compiled (64-bit): Oct 11 2020 08:10:49
LogInit: Compiled with Visual C++: 19.24.28315.00
LogInit: Build Configuration: Development
LogInit: Branch Name: ++UE4+Release-4.25
LogInit: Command Line: 
LogInit: Base Directory: D:/ue4.25/UE_4.25/Engine/Binaries/Win64/
LogInit: Allocator: TBB
LogInit: Installed Engine Build: 1
LogDevObjectVersion: Number of dev versions registered: 26
LogDevObjectVersion:   Dev-Blueprints (B0D832E4-1F89-4F0D-ACCF-7EB736FD4AA2): 10
LogDevObjectVersion:   Dev-Build (E1C64328-A22C-4D53-A36C-8E866417BD8C): 0
LogDevObjectVersion:   Dev-Core (375EC13C-06E4-48FB-B500-84F0262A717E): 4
LogDevObjectVersion:   Dev-Editor (E4B068ED-F494-42E9-A231-DA0B2E46BB41): 38
LogDevObjectVersion:   Dev-Framework (CFFC743F-43B0-4480-9391-14DF171D2073): 37
LogDevObjectVersion:   Dev-Mobile (B02B49B5-BB20-44E9-A304-32B752E40360): 2
LogDevObjectVersion:   Dev-Networking (A4E4105C-59A1-49B5-A7C5-40C4547EDFEE): 0
LogDevObjectVersion:   Dev-Online (39C831C9-5AE6-47DC-9A44-9C173E1C8E7C): 0
LogDevObjectVersion:   Dev-Physics (78F01B33-EBEA-4F98-B9B4-84EACCB95AA2): 4
LogDevObjectVersion:   Dev-Platform (6631380F-2D4D-43E0-8009-CF276956A95A): 0
LogDevObjectVersion:   Dev-Rendering (12F88B9F-8875-4AFC-A67C-D90C383ABD29): 43
LogDevObjectVersion:   Dev-Sequencer (7B5AE74C-D270-4C10-A958-57980B212A5A): 12
LogDevObjectVersion:   Dev-VR (D7296918-1DD6-4BDD-9DE2-64A83CC13884): 3
LogDevObjectVersion:   Dev-LoadTimes (C2A15278-BFE7-4AFE-6C17-90FF531DF755): 1
LogDevObjectVersion:   Private-Geometry (6EACA3D4-40EC-4CC1-B786-8BED09428FC5): 3
LogDevObjectVersion:   Dev-AnimPhys (29E575DD-E0A3-4627-9D10-D276232CDCEA): 17
LogDevObjectVersion:   Dev-Anim (AF43A65D-7FD3-4947-9873-3E8ED9C1BB05): 7
LogDevObjectVersion:   Dev-ReflectionCapture (6B266CEC-1EC7-4B8F-A30B-E4D90942FC07): 1
LogDevObjectVersion:   Dev-Automation (0DF73D61-A23F-47EA-B727-89E90C41499A): 1
LogDevObjectVersion:   FortniteMain (601D1886-AC64-4F84-AA16-D3DE0DEAC7D6): 31
LogDevObjectVersion:   Dev-Enterprise (9DFFBCD6-494F-0158-E221-12823C92A888): 10
LogDevObjectVersion:   Dev-Niagara (F2AED0AC-9AFE-416F-8664-AA7FFA26D6FC): 1
LogDevObjectVersion:   Dev-Destruction (174F1F0B-B4C6-45A5-B13F-2EE8D0FB917D): 10
LogDevObjectVersion:   Dev-Physics-Ext (35F94A83-E258-406C-A318-09F59610247C): 37
LogDevObjectVersion:   Dev-PhysicsMaterial-Chaos (B68FC16E-8B1B-42E2-B453-215C058844FE): 1
LogDevObjectVersion:   Dev-CineCamera (B2E18506-4273-CFC2-A54E-F4BB758BBA07): 1
LogInit: Presizing for max 25165824 objects, including 0 objects not considered by GC, pre-allocating 0 bytes for permanent pool.
LogConfig: Applying CVar settings from Section [/Script/Engine.StreamingSettings] File [D:/FastForge/FastForge/FastForge/Saved/Config/Windows/Engine.ini]
LogConfig: Setting CVar [[s.MinBulkDataSizeForAsyncLoading:131072]]
LogConfig: Setting CVar [[s.AsyncLoadingThreadEnabled:0]]
LogConfig: Setting CVar [[s.EventDrivenLoaderEnabled:1]]
LogConfig: Setting CVar [[s.WarnIfTimeLimitExceeded:0]]
LogConfig: Setting CVar [[s.TimeLimitExceededMultiplier:1.5]]
LogConfig: Setting CVar [[s.TimeLimitExceededMinTime:0.005]]
LogConfig: Setting CVar [[s.UseBackgroundLevelStreaming:1]]
LogConfig: Setting CVar [[s.PriorityAsyncLoadingExtraTime:15.0]]
LogConfig: Setting CVar [[s.LevelStreamingActorsUpdateTimeLimit:5.0]]
LogConfig: Setting CVar [[s.PriorityLevelStreamingActorsUpdateExtraTime:5.0]]
LogConfig: Setting CVar [[s.LevelStreamingComponentsRegistrationGranularity:10]]
LogConfig: Setting CVar [[s.UnregisterComponentsTimeLimit:1.0]]
LogConfig: Setting CVar [[s.LevelStreamingComponentsUnregistrationGranularity:5]]
LogConfig: Setting CVar [[s.FlushStreamingOnExit:1]]
LogInit: Object subsystem initialized
LogConfig: Setting CVar [[con.DebugEarlyDefault:1]]
LogConfig: Setting CVar [[r.setres:1280x720]]
[2021.04.19-10.06.50:584][  0]LogConfig: Setting CVar [[r.VSync:0]]
[2021.04.19-10.06.50:584][  0]LogConfig: Setting CVar [[r.RHICmdBypass:0]]
[2021.04.19-10.06.50:584][  0]LogConfig: Applying CVar settings from Section [/Script/Engine.RendererSettings] File [D:/FastForge/FastForge/FastForge/Saved/Config/Windows/Engine.ini]
[2021.04.19-10.06.50:584][  0]LogConfig: Setting CVar [[r.GPUCrashDebugging:0]]
[2021.04.19-10.06.50:584][  0]LogConfig: Applying CVar settings from Section [/Script/Engine.RendererOverrideSettings] File [D:/FastForge/FastForge/FastForge/Saved/Config/Windows/Engine.ini]
[2021.04.19-10.06.50:584][  0]LogConfig: Applying CVar settings from Section [/Script/Engine.StreamingSettings] File [D:/FastForge/FastForge/FastForge/Saved/Config/Windows/Engine.ini]
[2021.04.19-10.06.50:584][  0]LogConfig: Setting CVar [[s.MinBulkDataSizeForAsyncLoading:131072]]
[2021.04.19-10.06.50:584][  0]LogConfig: Setting CVar [[s.AsyncLoadingThreadEnabled:0]]
[2021.04.19-10.06.50:584][  0]LogConfig: Setting CVar [[s.EventDrivenLoaderEnabled:1]]
[2021.04.19-10.06.50:584][  0]LogConfig: Setting CVar [[s.WarnIfTimeLimitExceeded:0]]
[2021.04.19-10.06.50:584][  0]LogConfig: Setting CVar [[s.TimeLimitExceededMultiplier:1.5]]
[2021.04.19-10.06.50:584][  0]LogConfig: Setting CVar [[s.TimeLimitExceededMinTime:0.005]]
[2021.04.19-10.06.50:584][  0]LogConfig: Setting CVar [[s.UseBackgroundLevelStreaming:1]]
[2021.04.19-10.06.50:584][  0]LogConfig: Setting CVar [[s.PriorityAsyncLoadingExtraTime:15.0]]
[2021.04.19-10.06.50:584][  0]LogConfig: Setting CVar [[s.LevelStreamingActorsUpdateTimeLimit:5.0]]
[2021.04.19-10.06.50:584][  0]LogConfig: Setting CVar [[s.PriorityLevelStreamingActorsUpdateExtraTime:5.0]]
[2021.04.19-10.06.50:584][  0]LogConfig: Setting CVar [[s.LevelStreamingComponentsRegistrationGranularity:10]]
[2021.04.19-10.06.50:584][  0]LogConfig: Setting CVar [[s.UnregisterComponentsTimeLimit:1.0]]
[2021.04.19-10.06.50:584][  0]LogConfig: Setting CVar [[s.LevelStreamingComponentsUnregistrationGranularity:5]]
[2021.04.19-10.06.50:584][  0]LogConfig: Setting CVar [[s.FlushStreamingOnExit:1]]
[2021.04.19-10.06.50:584][  0]LogConfig: Applying CVar settings from Section [/Script/Engine.GarbageCollectionSettings] File [D:/FastForge/FastForge/FastForge/Saved/Config/Windows/Engine.ini]
[2021.04.19-10.06.50:584][  0]LogConfig: Setting CVar [[gc.MaxObjectsNotConsideredByGC:1]]
[2021.04.19-10.06.50:584][  0]LogConfig: Setting CVar [[gc.SizeOfPermanentObjectPool:0]]
[2021.04.19-10.06.50:585][  0]LogConfig: Setting CVar [[gc.FlushStreamingOnGC:0]]
[2021.04.19-10.06.50:585][  0]LogConfig: Setting CVar [[gc.NumRetriesBeforeForcingGC:10]]
[2021.04.19-10.06.50:585][  0]LogConfig: Setting CVar [[gc.AllowParallelGC:1]]
[2021.04.19-10.06.50:585][  0]LogConfig: Setting CVar [[gc.TimeBetweenPurgingPendingKillObjects:61.1]]
[2021.04.19-10.06.50:585][  0]LogConfig: Setting CVar [[gc.MaxObjectsInEditor:25165824]]
[2021.04.19-10.06.50:585][  0]LogConfig: Setting CVar [[gc.IncrementalBeginDestroyEnabled:1]]
[2021.04.19-10.06.50:585][  0]LogConfig: Setting CVar [[gc.CreateGCClusters:1]]
[2021.04.19-10.06.50:585][  0]LogConfig: Setting CVar [[gc.MinGCClusterSize:5]]
[2021.04.19-10.06.50:585][  0]LogConfig: Setting CVar [[gc.ActorClusteringEnabled:0]]
[2021.04.19-10.06.50:585][  0]LogConfig: Setting CVar [[gc.BlueprintClusteringEnabled:0]]
[2021.04.19-10.06.50:585][  0]LogConfig: Setting CVar [[gc.UseDisregardForGCOnDedicatedServers:0]]
[2021.04.19-10.06.50:585][  0]LogConfig: Applying CVar settings from Section [/Script/Engine.NetworkSettings] File [D:/FastForge/FastForge/FastForge/Saved/Config/Windows/Engine.ini]
[2021.04.19-10.06.50:585][  0]LogConfig: Applying CVar settings from Section [/Script/UnrealEd.CookerSettings] File [D:/FastForge/FastForge/FastForge/Saved/Config/Windows/Engine.ini]
[2021.04.19-10.06.50:589][  0]LogConfig: Applying CVar settings from Section [ViewDistanceQuality@3] File [D:/FastForge/FastForge/FastForge/Saved/Config/Windows/Scalability.ini]
[2021.04.19-10.06.50:589][  0]LogConfig: Setting CVar [[r.SkeletalMeshLODBias:0]]
[2021.04.19-10.06.50:589][  0]LogConfig: Setting CVar [[r.ViewDistanceScale:1.0]]
[2021.04.19-10.06.50:589][  0]LogConfig: Applying CVar settings from Section [AntiAliasingQuality@3] File [D:/FastForge/FastForge/FastForge/Saved/Config/Windows/Scalability.ini]
[2021.04.19-10.06.50:589][  0]LogConfig: Setting CVar [[r.PostProcessAAQuality:4]]
[2021.04.19-10.06.50:589][  0]LogConfig: Applying CVar settings from Section [ShadowQuality@3] File [D:/FastForge/FastForge/FastForge/Saved/Config/Windows/Scalability.ini]
[2021.04.19-10.06.50:589][  0]LogConfig: Setting CVar [[r.LightFunctionQuality:1]]
[2021.04.19-10.06.50:589][  0]LogConfig: Setting CVar [[r.ShadowQuality:5]]
[2021.04.19-10.06.50:589][  0]LogConfig: Setting CVar [[r.Shadow.CSM.MaxCascades:10]]
[2021.04.19-10.06.50:589][  0]LogConfig: Setting CVar [[r.Shadow.MaxResolution:2048]]
[2021.04.19-10.06.50:589][  0]LogConfig: Setting CVar [[r.Shadow.MaxCSMResolution:2048]]
[2021.04.19-10.06.50:589][  0]LogConfig: Setting CVar [[r.Shadow.RadiusThreshold:0.01]]
[2021.04.19-10.06.50:589][  0]LogConfig: Setting CVar [[r.Shadow.DistanceScale:1.0]]
[2021.04.19-10.06.50:589][  0]LogConfig: Setting CVar [[r.Shadow.CSM.TransitionScale:1.0]]
[2021.04.19-10.06.50:589][  0]LogConfig: Setting CVar [[r.Shadow.PreShadowResolutionFactor:1.0]]
[2021.04.19-10.06.50:589][  0]LogConfig: Setting CVar [[r.DistanceFieldShadowing:1]]
[2021.04.19-10.06.50:589][  0]LogConfig: Setting CVar [[r.DistanceFieldAO:1]]
[2021.04.19-10.06.50:589][  0]LogConfig: Setting CVar [[r.AOQuality:2]]
[2021.04.19-10.06.50:589][  0]LogConfig: Setting CVar [[r.VolumetricFog:1]]
[2021.04.19-10.06.50:589][  0]LogConfig: Setting CVar [[r.VolumetricFog.GridPixelSize:8]]
[2021.04.19-10.06.50:589][  0]LogConfig: Setting CVar [[r.VolumetricFog.GridSizeZ:128]]
[2021.04.19-10.06.50:589][  0]LogConfig: Setting CVar [[r.VolumetricFog.HistoryMissSupersampleCount:4]]
[2021.04.19-10.06.50:589][  0]LogConfig: Setting CVar [[r.LightMaxDrawDistanceScale:1]]
[2021.04.19-10.06.50:589][  0]LogConfig: Setting CVar [[r.CapsuleShadows:1]]
[2021.04.19-10.06.50:589][  0]LogConfig: Applying CVar settings from Section [PostProcessQuality@3] File [D:/FastForge/FastForge/FastForge/Saved/Config/Windows/Scalability.ini]
[2021.04.19-10.06.50:589][  0]LogConfig: Setting CVar [[r.MotionBlurQuality:4]]
[2021.04.19-10.06.50:589][  0]LogConfig: Setting CVar [[r.AmbientOcclusionMipLevelFactor:0.4]]
[2021.04.19-10.06.50:589][  0]LogConfig: Setting CVar [[r.AmbientOcclusionMaxQuality:100]]
[2021.04.19-10.06.50:589][  0]LogConfig: Setting CVar [[r.AmbientOcclusionLevels:-1]]
[2021.04.19-10.06.50:589][  0]LogConfig: Setting CVar [[r.AmbientOcclusionRadiusScale:1.0]]
[2021.04.19-10.06.50:589][  0]LogConfig: Setting CVar [[r.DepthOfFieldQuality:2]]
[2021.04.19-10.06.50:589][  0]LogConfig: Setting CVar [[r.RenderTargetPoolMin:400]]
[2021.04.19-10.06.50:589][  0]LogConfig: Setting CVar [[r.LensFlareQuality:2]]
[2021.04.19-10.06.50:589][  0]LogConfig: Setting CVar [[r.SceneColorFringeQuality:1]]
[2021.04.19-10.06.50:589][  0]LogConfig: Setting CVar [[r.EyeAdaptationQuality:2]]
[2021.04.19-10.06.50:589][  0]LogConfig: Setting CVar [[r.BloomQuality:5]]
[2021.04.19-10.06.50:589][  0]LogConfig: Setting CVar [[r.FastBlurThreshold:100]]
[2021.04.19-10.06.50:589][  0]LogConfig: Setting CVar [[r.Upscale.Quality:3]]
[2021.04.19-10.06.50:589][  0]LogConfig: Setting CVar [[r.Tonemapper.GrainQuantization:1]]
[2021.04.19-10.06.50:589][  0]LogConfig: Setting CVar [[r.LightShaftQuality:1]]
[2021.04.19-10.06.50:589][  0]LogConfig: Setting CVar [[r.Filter.SizeScale:1]]
[2021.04.19-10.06.50:589][  0]LogConfig: Setting CVar [[r.Tonemapper.Quality:5]]
[2021.04.19-10.06.50:589][  0]LogConfig: Setting CVar [[r.DOF.Gather.AccumulatorQuality:1        ; higher gathering accumulator quality]]
[2021.04.19-10.06.50:589][  0]LogConfig: Setting CVar [[r.DOF.Gather.PostfilterMethod:1          ; Median3x3 postfilering method]]
[2021.04.19-10.06.50:589][  0]LogConfig: Setting CVar [[r.DOF.Gather.EnableBokehSettings:0       ; no bokeh simulation when gathering]]
[2021.04.19-10.06.50:589][  0]LogConfig: Setting CVar [[r.DOF.Gather.RingCount:4                 ; medium number of samples when gathering]]
[2021.04.19-10.06.50:589][  0]LogConfig: Setting CVar [[r.DOF.Scatter.ForegroundCompositing:1    ; additive foreground scattering]]
[2021.04.19-10.06.50:589][  0]LogConfig: Setting CVar [[r.DOF.Scatter.BackgroundCompositing:2    ; additive background scattering]]
[2021.04.19-10.06.50:589][  0]LogConfig: Setting CVar [[r.DOF.Scatter.EnableBokehSettings:1      ; bokeh simulation when scattering]]
[2021.04.19-10.06.50:589][  0]LogConfig: Setting CVar [[r.DOF.Scatter.MaxSpriteRatio:0.1         ; only a maximum of 10% of scattered bokeh]]
[2021.04.19-10.06.50:589][  0]LogConfig: Setting CVar [[r.DOF.Recombine.Quality:1                ; cheap slight out of focus]]
[2021.04.19-10.06.50:589][  0]LogConfig: Setting CVar [[r.DOF.Recombine.EnableBokehSettings:0    ; no bokeh simulation on slight out of focus]]
[2021.04.19-10.06.50:589][  0]LogConfig: Setting CVar [[r.DOF.TemporalAAQuality:1                ; more stable temporal accumulation]]
[2021.04.19-10.06.50:589][  0]LogConfig: Setting CVar [[r.DOF.Kernel.MaxForegroundRadius:0.025]]
[2021.04.19-10.06.50:589][  0]LogConfig: Setting CVar [[r.DOF.Kernel.MaxBackgroundRadius:0.025]]
[2021.04.19-10.06.50:589][  0]LogConfig: Applying CVar settings from Section [TextureQuality@3] File [D:/FastForge/FastForge/FastForge/Saved/Config/Windows/Scalability.ini]
[2021.04.19-10.06.50:589][  0]LogConfig: Setting CVar [[r.Streaming.MipBias:0]]
[2021.04.19-10.06.50:589][  0]LogConfig: Setting CVar [[r.Streaming.AmortizeCPUToGPUCopy:0]]
[2021.04.19-10.06.50:589][  0]LogConfig: Setting CVar [[r.Streaming.MaxNumTexturesToStreamPerFrame:0]]
[2021.04.19-10.06.50:589][  0]LogConfig: Setting CVar [[r.Streaming.Boost:1]]
[2021.04.19-10.06.50:589][  0]LogConfig: Setting CVar [[r.MaxAnisotropy:8]]
[2021.04.19-10.06.50:589][  0]LogConfig: Setting CVar [[r.VT.MaxAnisotropy:8]]
[2021.04.19-10.06.50:589][  0]LogConfig: Setting CVar [[r.Streaming.LimitPoolSizeToVRAM:0]]
[2021.04.19-10.06.50:589][  0]LogConfig: Setting CVar [[r.Streaming.PoolSize:1000]]
[2021.04.19-10.06.50:589][  0]LogConfig: Setting CVar [[r.Streaming.MaxEffectiveScreenSize:0]]
[2021.04.19-10.06.50:589][  0]LogConfig: Applying CVar settings from Section [EffectsQuality@3] File [D:/FastForge/FastForge/FastForge/Saved/Config/Windows/Scalability.ini]
[2021.04.19-10.06.50:589][  0]LogConfig: Setting CVar [[r.TranslucencyLightingVolumeDim:64]]
[2021.04.19-10.06.50:589][  0]LogConfig: Setting CVar [[r.RefractionQuality:2]]
[2021.04.19-10.06.50:589][  0]LogConfig: Setting CVar [[r.SSR.Quality:3]]
[2021.04.19-10.06.50:589][  0]LogConfig: Setting CVar [[r.SSR.HalfResSceneColor:0]]
[2021.04.19-10.06.50:589][  0]LogConfig: Setting CVar [[r.SceneColorFormat:4]]
[2021.04.19-10.06.50:589][  0]LogConfig: Setting CVar [[r.DetailMode:2]]
[2021.04.19-10.06.50:589][  0]LogConfig: Setting CVar [[r.TranslucencyVolumeBlur:1]]
[2021.04.19-10.06.50:589][  0]LogConfig: Setting CVar [[r.MaterialQualityLevel:1 ; High quality]]
[2021.04.19-10.06.50:589][  0]LogConfig: Setting CVar [[r.SSS.Scale:1]]
[2021.04.19-10.06.50:589][  0]LogConfig: Setting CVar [[r.SSS.SampleSet:2]]
[2021.04.19-10.06.50:589][  0]LogConfig: Setting CVar [[r.SSS.Quality:1]]
[2021.04.19-10.06.50:589][  0]LogConfig: Setting CVar [[r.SSS.HalfRes:0]]
[2021.04.19-10.06.50:589][  0]LogConfig: Setting CVar [[r.SSGI.Quality:3]]
[2021.04.19-10.06.50:589][  0]LogConfig: Setting CVar [[r.EmitterSpawnRateScale:1.0]]
[2021.04.19-10.06.50:589][  0]LogConfig: Setting CVar [[r.ParticleLightQuality:2]]
[2021.04.19-10.06.50:589][  0]LogConfig: Setting CVar [[r.SkyAtmosphere.AerialPerspectiveLUT.FastApplyOnOpaque:1 ; Always have FastSkyLUT 1 in this case to avoid wrong sky]]
[2021.04.19-10.06.50:589][  0]LogConfig: Setting CVar [[r.SkyAtmosphere.AerialPerspectiveLUT.SampleCountPerSlice:1]]
[2021.04.19-10.06.50:589][  0]LogConfig: Setting CVar [[r.SkyAtmosphere.AerialPerspectiveLUT.DepthResolution:16.0]]
[2021.04.19-10.06.50:589][  0]LogConfig: Setting CVar [[r.SkyAtmosphere.FastSkyLUT:1]]
[2021.04.19-10.06.50:589][  0]LogConfig: Setting CVar [[r.SkyAtmosphere.FastSkyLUT.SampleCountMin:4.0]]
[2021.04.19-10.06.50:589][  0]LogConfig: Setting CVar [[r.SkyAtmosphere.FastSkyLUT.SampleCountMax:32.0]]
[2021.04.19-10.06.50:589][  0]LogConfig: Setting CVar [[r.SkyAtmosphere.SampleCountMin:4.0]]
[2021.04.19-10.06.50:590][  0]LogConfig: Setting CVar [[r.SkyAtmosphere.SampleCountMax:32.0]]
[2021.04.19-10.06.50:590][  0]LogConfig: Setting CVar [[r.SkyAtmosphere.TransmittanceLUT.UseSmallFormat:0]]
[2021.04.19-10.06.50:590][  0]LogConfig: Setting CVar [[r.SkyAtmosphere.TransmittanceLUT.SampleCount:10.0]]
[2021.04.19-10.06.50:590][  0]LogConfig: Setting CVar [[r.SkyAtmosphere.MultiScatteringLUT.SampleCount:15.0]]
[2021.04.19-10.06.50:590][  0]LogConfig: Applying CVar settings from Section [FoliageQuality@3] File [D:/FastForge/FastForge/FastForge/Saved/Config/Windows/Scalability.ini]
[2021.04.19-10.06.50:590][  0]LogConfig: Setting CVar [[foliage.DensityScale:1.0]]
[2021.04.19-10.06.50:590][  0]LogConfig: Setting CVar [[grass.DensityScale:1.0]]
[2021.04.19-10.06.50:590][  0]LogConfig: Applying CVar settings from Section [ShadingQuality@3] File [D:/FastForge/FastForge/FastForge/Saved/Config/Windows/Scalability.ini]
[2021.04.19-10.06.50:590][  0]LogConfig: Setting CVar [[r.HairStrands.SkyLighting.SampleCount:16]]
[2021.04.19-10.06.50:590][  0]LogConfig: Setting CVar [[r.HairStrands.SkyLighting.JitterIntegration:0]]
[2021.04.19-10.06.50:590][  0]LogConfig: Setting CVar [[r.HairStrands.SkyAO.SampleCount:16]]
[2021.04.19-10.06.50:590][  0]LogConfig: Setting CVar [[r.HairStrands.DeepShadow.SuperSampling:0]]
[2021.04.19-10.06.50:590][  0]LogConfig: Setting CVar [[r.HairStrands.VisibilityPPLL:0]]
[2021.04.19-10.06.50:590][  0]LogConfig: Setting CVar [[r.HairStrands.RasterizationScale:0.5]]
[2021.04.19-10.06.50:590][  0]LogConfig: Setting CVar [[r.HairStrands.VelocityRasterizationScale:1]]
[2021.04.19-10.06.50:590][  0]LogInit: Selected Device Profile: [Windows]
[2021.04.19-10.06.50:590][  0]LogInit: Applying CVar settings loaded from the selected device profile: [Windows]
[2021.04.19-10.06.50:590][  0]LogHAL: Display: Platform has ~ 16 GB [17132466176 / 17179869184 / 16], which maps to Larger [LargestMinGB=32, LargerMinGB=12, DefaultMinGB=8, SmallerMinGB=6, SmallestMinGB=0)
[2021.04.19-10.06.50:590][  0]LogInit: Going up to parent DeviceProfile []
[2021.04.19-10.06.50:590][  0]LogConfig: Applying CVar settings from Section [ViewDistanceQuality@3] File [D:/FastForge/FastForge/FastForge/Saved/Config/Windows/Scalability.ini]
[2021.04.19-10.06.50:590][  0]LogConfig: Setting CVar [[r.SkeletalMeshLODBias:0]]
[2021.04.19-10.06.50:590][  0]LogConfig: Setting CVar [[r.ViewDistanceScale:1.0]]
[2021.04.19-10.06.50:590][  0]LogConfig: Applying CVar settings from Section [AntiAliasingQuality@3] File [D:/FastForge/FastForge/FastForge/Saved/Config/Windows/Scalability.ini]
[2021.04.19-10.06.50:590][  0]LogConfig: Setting CVar [[r.PostProcessAAQuality:4]]
[2021.04.19-10.06.50:590][  0]LogConfig: Applying CVar settings from Section [ShadowQuality@Cine] File [D:/FastForge/FastForge/FastForge/Saved/Config/Windows/Scalability.ini]
[2021.04.19-10.06.50:590][  0]LogConfig: Setting CVar [[r.LightFunctionQuality:1]]
[2021.04.19-10.06.50:590][  0]LogConfig: Setting CVar [[r.ShadowQuality:5]]
[2021.04.19-10.06.50:590][  0]LogConfig: Setting CVar [[r.Shadow.CSM.MaxCascades:10]]
[2021.04.19-10.06.50:590][  0]LogConfig: Setting CVar [[r.Shadow.MaxResolution:4096]]
[2021.04.19-10.06.50:590][  0]LogConfig: Setting CVar [[r.Shadow.MaxCSMResolution:4096]]
[2021.04.19-10.06.50:590][  0]LogConfig: Setting CVar [[r.Shadow.RadiusThreshold:0]]
[2021.04.19-10.06.50:590][  0]LogConfig: Setting CVar [[r.Shadow.DistanceScale:1.0]]
[2021.04.19-10.06.50:590][  0]LogConfig: Setting CVar [[r.Shadow.CSM.TransitionScale:1.0]]
[2021.04.19-10.06.50:590][  0]LogConfig: Setting CVar [[r.Shadow.PreShadowResolutionFactor:1.0]]
[2021.04.19-10.06.50:590][  0]LogConfig: Setting CVar [[r.DistanceFieldShadowing:1]]
[2021.04.19-10.06.50:590][  0]LogConfig: Setting CVar [[r.DistanceFieldAO:1]]
[2021.04.19-10.06.50:590][  0]LogConfig: Setting CVar [[r.AOQuality:2]]
[2021.04.19-10.06.50:590][  0]LogConfig: Setting CVar [[r.VolumetricFog:1]]
[2021.04.19-10.06.50:590][  0]LogConfig: Setting CVar [[r.VolumetricFog.GridPixelSize:4]]
[2021.04.19-10.06.50:590][  0]LogConfig: Setting CVar [[r.VolumetricFog.GridSizeZ:128]]
[2021.04.19-10.06.50:590][  0]LogConfig: Setting CVar [[r.VolumetricFog.HistoryMissSupersampleCount:16]]
[2021.04.19-10.06.50:590][  0]LogConfig: Setting CVar [[r.LightMaxDrawDistanceScale:1]]
[2021.04.19-10.06.50:590][  0]LogConfig: Setting CVar [[r.CapsuleShadows:1]]
[2021.04.19-10.06.50:590][  0]LogConfig: Applying CVar settings from Section [PostProcessQuality@3] File [D:/FastForge/FastForge/FastForge/Saved/Config/Windows/Scalability.ini]
[2021.04.19-10.06.50:590][  0]LogConfig: Setting CVar [[r.MotionBlurQuality:4]]
[2021.04.19-10.06.50:590][  0]LogConfig: Setting CVar [[r.AmbientOcclusionMipLevelFactor:0.4]]
[2021.04.19-10.06.50:590][  0]LogConfig: Setting CVar [[r.AmbientOcclusionMaxQuality:100]]
[2021.04.19-10.06.50:590][  0]LogConfig: Setting CVar [[r.AmbientOcclusionLevels:-1]]
[2021.04.19-10.06.50:590][  0]LogConfig: Setting CVar [[r.AmbientOcclusionRadiusScale:1.0]]
[2021.04.19-10.06.50:590][  0]LogConfig: Setting CVar [[r.DepthOfFieldQuality:2]]
[2021.04.19-10.06.50:590][  0]LogConfig: Setting CVar [[r.RenderTargetPoolMin:400]]
[2021.04.19-10.06.50:590][  0]LogConfig: Setting CVar [[r.LensFlareQuality:2]]
[2021.04.19-10.06.50:590][  0]LogConfig: Setting CVar [[r.SceneColorFringeQuality:1]]
[2021.04.19-10.06.50:590][  0]LogConfig: Setting CVar [[r.EyeAdaptationQuality:2]]
[2021.04.19-10.06.50:590][  0]LogConfig: Setting CVar [[r.BloomQuality:5]]
[2021.04.19-10.06.50:590][  0]LogConfig: Setting CVar [[r.FastBlurThreshold:100]]
[2021.04.19-10.06.50:590][  0]LogConfig: Setting CVar [[r.Upscale.Quality:3]]
[2021.04.19-10.06.50:590][  0]LogConfig: Setting CVar [[r.Tonemapper.GrainQuantization:1]]
[2021.04.19-10.06.50:590][  0]LogConfig: Setting CVar [[r.LightShaftQuality:1]]
[2021.04.19-10.06.50:590][  0]LogConfig: Setting CVar [[r.Filter.SizeScale:1]]
[2021.04.19-10.06.50:590][  0]LogConfig: Setting CVar [[r.Tonemapper.Quality:5]]
[2021.04.19-10.06.50:590][  0]LogConfig: Setting CVar [[r.DOF.Gather.AccumulatorQuality:1        ; higher gathering accumulator quality]]
[2021.04.19-10.06.50:590][  0]LogConfig: Setting CVar [[r.DOF.Gather.PostfilterMethod:1          ; Median3x3 postfilering method]]
[2021.04.19-10.06.50:590][  0]LogConfig: Setting CVar [[r.DOF.Gather.EnableBokehSettings:0       ; no bokeh simulation when gathering]]
[2021.04.19-10.06.50:590][  0]LogConfig: Setting CVar [[r.DOF.Gather.RingCount:4                 ; medium number of samples when gathering]]
[2021.04.19-10.06.50:590][  0]LogConfig: Setting CVar [[r.DOF.Scatter.ForegroundCompositing:1    ; additive foreground scattering]]
[2021.04.19-10.06.50:590][  0]LogConfig: Setting CVar [[r.DOF.Scatter.BackgroundCompositing:2    ; additive background scattering]]
[2021.04.19-10.06.50:590][  0]LogConfig: Setting CVar [[r.DOF.Scatter.EnableBokehSettings:1      ; bokeh simulation when scattering]]
[2021.04.19-10.06.50:590][  0]LogConfig: Setting CVar [[r.DOF.Scatter.MaxSpriteRatio:0.1         ; only a maximum of 10% of scattered bokeh]]
[2021.04.19-10.06.50:590][  0]LogConfig: Setting CVar [[r.DOF.Recombine.Quality:1                ; cheap slight out of focus]]
[2021.04.19-10.06.50:590][  0]LogConfig: Setting CVar [[r.DOF.Recombine.EnableBokehSettings:0    ; no bokeh simulation on slight out of focus]]
[2021.04.19-10.06.50:590][  0]LogConfig: Setting CVar [[r.DOF.TemporalAAQuality:1                ; more stable temporal accumulation]]
[2021.04.19-10.06.50:590][  0]LogConfig: Setting CVar [[r.DOF.Kernel.MaxForegroundRadius:0.025]]
[2021.04.19-10.06.50:590][  0]LogConfig: Setting CVar [[r.DOF.Kernel.MaxBackgroundRadius:0.025]]
[2021.04.19-10.06.50:590][  0]LogConfig: Applying CVar settings from Section [TextureQuality@3] File [D:/FastForge/FastForge/FastForge/Saved/Config/Windows/Scalability.ini]
[2021.04.19-10.06.50:590][  0]LogConfig: Setting CVar [[r.Streaming.MipBias:0]]
[2021.04.19-10.06.50:590][  0]LogConfig: Setting CVar [[r.Streaming.AmortizeCPUToGPUCopy:0]]
[2021.04.19-10.06.50:590][  0]LogConfig: Setting CVar [[r.Streaming.MaxNumTexturesToStreamPerFrame:0]]
[2021.04.19-10.06.50:590][  0]LogConfig: Setting CVar [[r.Streaming.Boost:1]]
[2021.04.19-10.06.50:590][  0]LogConfig: Setting CVar [[r.MaxAnisotropy:8]]
[2021.04.19-10.06.50:590][  0]LogConfig: Setting CVar [[r.VT.MaxAnisotropy:8]]
[2021.04.19-10.06.50:590][  0]LogConfig: Setting CVar [[r.Streaming.LimitPoolSizeToVRAM:0]]
[2021.04.19-10.06.50:590][  0]LogConfig: Setting CVar [[r.Streaming.PoolSize:1000]]
[2021.04.19-10.06.50:590][  0]LogConfig: Setting CVar [[r.Streaming.MaxEffectiveScreenSize:0]]
[2021.04.19-10.06.50:590][  0]LogConfig: Applying CVar settings from Section [EffectsQuality@3] File [D:/FastForge/FastForge/FastForge/Saved/Config/Windows/Scalability.ini]
[2021.04.19-10.06.50:590][  0]LogConfig: Setting CVar [[r.TranslucencyLightingVolumeDim:64]]
[2021.04.19-10.06.50:590][  0]LogConfig: Setting CVar [[r.RefractionQuality:2]]
[2021.04.19-10.06.50:590][  0]LogConfig: Setting CVar [[r.SSR.Quality:3]]
[2021.04.19-10.06.50:590][  0]LogConfig: Setting CVar [[r.SSR.HalfResSceneColor:0]]
[2021.04.19-10.06.50:590][  0]LogConfig: Setting CVar [[r.SceneColorFormat:4]]
[2021.04.19-10.06.50:590][  0]LogConfig: Setting CVar [[r.DetailMode:2]]
[2021.04.19-10.06.50:590][  0]LogConfig: Setting CVar [[r.TranslucencyVolumeBlur:1]]
[2021.04.19-10.06.50:591][  0]LogConfig: Setting CVar [[r.MaterialQualityLevel:1 ; High quality]]
[2021.04.19-10.06.50:591][  0]LogConfig: Setting CVar [[r.SSS.Scale:1]]
[2021.04.19-10.06.50:591][  0]LogConfig: Setting CVar [[r.SSS.SampleSet:2]]
[2021.04.19-10.06.50:591][  0]LogConfig: Setting CVar [[r.SSS.Quality:1]]
[2021.04.19-10.06.50:591][  0]LogConfig: Setting CVar [[r.SSS.HalfRes:0]]
[2021.04.19-10.06.50:591][  0]LogConfig: Setting CVar [[r.SSGI.Quality:3]]
[2021.04.19-10.06.50:591][  0]LogConfig: Setting CVar [[r.EmitterSpawnRateScale:1.0]]
[2021.04.19-10.06.50:591][  0]LogConfig: Setting CVar [[r.ParticleLightQuality:2]]
[2021.04.19-10.06.50:591][  0]LogConfig: Setting CVar [[r.SkyAtmosphere.AerialPerspectiveLUT.FastApplyOnOpaque:1 ; Always have FastSkyLUT 1 in this case to avoid wrong sky]]
[2021.04.19-10.06.50:591][  0]LogConfig: Setting CVar [[r.SkyAtmosphere.AerialPerspectiveLUT.SampleCountPerSlice:1]]
[2021.04.19-10.06.50:591][  0]LogConfig: Setting CVar [[r.SkyAtmosphere.AerialPerspectiveLUT.DepthResolution:16.0]]
[2021.04.19-10.06.50:591][  0]LogConfig: Setting CVar [[r.SkyAtmosphere.FastSkyLUT:1]]
[2021.04.19-10.06.50:591][  0]LogConfig: Setting CVar [[r.SkyAtmosphere.FastSkyLUT.SampleCountMin:4.0]]
[2021.04.19-10.06.50:591][  0]LogConfig: Setting CVar [[r.SkyAtmosphere.FastSkyLUT.SampleCountMax:32.0]]
[2021.04.19-10.06.50:591][  0]LogConfig: Setting CVar [[r.SkyAtmosphere.SampleCountMin:4.0]]
[2021.04.19-10.06.50:591][  0]LogConfig: Setting CVar [[r.SkyAtmosphere.SampleCountMax:32.0]]
[2021.04.19-10.06.50:591][  0]LogConfig: Setting CVar [[r.SkyAtmosphere.TransmittanceLUT.UseSmallFormat:0]]
[2021.04.19-10.06.50:591][  0]LogConfig: Setting CVar [[r.SkyAtmosphere.TransmittanceLUT.SampleCount:10.0]]
[2021.04.19-10.06.50:591][  0]LogConfig: Setting CVar [[r.SkyAtmosphere.MultiScatteringLUT.SampleCount:15.0]]
[2021.04.19-10.06.50:591][  0]LogConfig: Applying CVar settings from Section [FoliageQuality@3] File [D:/FastForge/FastForge/FastForge/Saved/Config/Windows/Scalability.ini]
[2021.04.19-10.06.50:591][  0]LogConfig: Setting CVar [[foliage.DensityScale:1.0]]
[2021.04.19-10.06.50:591][  0]LogConfig: Setting CVar [[grass.DensityScale:1.0]]
[2021.04.19-10.06.50:591][  0]LogConfig: Applying CVar settings from Section [ShadingQuality@Cine] File [D:/FastForge/FastForge/FastForge/Saved/Config/Windows/Scalability.ini]
[2021.04.19-10.06.50:591][  0]LogConfig: Setting CVar [[r.HairStrands.SkyLighting.SampleCount:64]]
[2021.04.19-10.06.50:591][  0]LogConfig: Setting CVar [[r.HairStrands.SkyLighting.JitterIntegration:1]]
[2021.04.19-10.06.50:591][  0]LogConfig: Setting CVar [[r.HairStrands.SkyAO.SampleCount:32]]
[2021.04.19-10.06.50:591][  0]LogConfig: Setting CVar [[r.HairStrands.DeepShadow.SuperSampling:1]]
[2021.04.19-10.06.50:591][  0]LogConfig: Setting CVar [[r.HairStrands.RasterizationScale:1]]
[2021.04.19-10.06.50:591][  0]LogConfig: Setting CVar [[r.HairStrands.VelocityRasterizationScale:1]]
[2021.04.19-10.06.50:591][  0]LogConfig: Setting CVar [[r.HairStrands.VisibilityPPLL:1]]
[2021.04.19-10.06.50:591][  0]LogConfig: Applying CVar settings from Section [Startup] File [../../../Engine/Config/ConsoleVariables.ini]
[2021.04.19-10.06.50:591][  0]LogConfig: Setting CVar [[net.UseAdaptiveNetUpdateFrequency:0]]
[2021.04.19-10.06.50:591][  0]LogConfig: Setting CVar [[p.chaos.AllowCreatePhysxBodies:1]]
[2021.04.19-10.06.50:591][  0]LogConfig: Setting CVar [[fx.SkipVectorVMBackendOptimizations:1]]
[2021.04.19-10.06.50:591][  0]LogConfig: Applying CVar settings from Section [ConsoleVariables] File [D:/FastForge/FastForge/FastForge/Saved/Config/Windows/Engine.ini]
[2021.04.19-10.06.50:591][  0]LogInit: Computer: IGSPC
[2021.04.19-10.06.50:591][  0]LogInit: User: Igli
[2021.04.19-10.06.50:591][  0]LogInit: CPU Page size=4096, Cores=6
[2021.04.19-10.06.50:591][  0]LogInit: High frequency timer resolution =10.000000 MHz
[2021.04.19-10.06.50:591][  0]LogMemory: Memory total: Physical=16.0GB (16GB approx)
[2021.04.19-10.06.50:591][  0]LogMemory: Platform Memory Stats for Windows
[2021.04.19-10.06.50:591][  0]LogMemory: Process Physical Memory: 117.73 MB used, 117.73 MB peak
[2021.04.19-10.06.50:591][  0]LogMemory: Process Virtual Memory: 114.10 MB used, 114.10 MB peak
[2021.04.19-10.06.50:591][  0]LogMemory: Physical Memory: 5694.54 MB used,  10644.25 MB free, 16338.79 MB total
[2021.04.19-10.06.50:591][  0]LogMemory: Virtual Memory: 5187.49 MB used,  134212544.00 MB free, 134217728.00 MB total
[2021.04.19-10.06.50:597][  0]LogWindows: WindowsPlatformFeatures enabled
[2021.04.19-10.06.50:640][  0]LogInit: Physics initialised using underlying interface: PhysX
[2021.04.19-10.06.50:641][  0]LogInit: Using OS detected language (en-GB).
[2021.04.19-10.06.50:641][  0]LogInit: Using OS detected locale (en-GB).
[2021.04.19-10.06.50:646][  0]LogTextLocalizationManager: No specific localization for 'en-GB' exists, so the 'en' localization will be used.
[2021.04.19-10.06.50:782][  0]LogInit: Setting process to per monitor DPI aware
[2021.04.19-10.06.50:825][  0]LogSlate: New Slate User Created.  User Index 0, Is Virtual User: 0
[2021.04.19-10.06.50:825][  0]LogSlate: Slate User Registered.  User Index 0, Is Virtual User: 0
[2021.04.19-10.06.50:992][  0]LogHMD: Failed to initialize OpenVR with code 110
[2021.04.19-10.06.50:993][  0]LogD3D11RHI: D3D11 min allowed feature level: 11_0
[2021.04.19-10.06.50:993][  0]LogD3D11RHI: D3D11 max allowed feature level: 11_0
[2021.04.19-10.06.50:993][  0]LogD3D11RHI: D3D11 adapters:
[2021.04.19-10.06.51:088][  0]LogD3D11RHI:    0. 'NVIDIA GeForce GTX 1070' (Feature Level 11_0)
[2021.04.19-10.06.51:088][  0]LogD3D11RHI:       8088/0/8169 MB DedicatedVideo/DedicatedSystem/SharedSystem, Outputs:2, VendorId:0x10de
[2021.04.19-10.06.51:090][  0]LogD3D11RHI:    1. 'Microsoft Basic Render Driver' (Feature Level 11_0)
[2021.04.19-10.06.51:090][  0]LogD3D11RHI:       0/0/8169 MB DedicatedVideo/DedicatedSystem/SharedSystem, Outputs:0, VendorId:0x1414
[2021.04.19-10.06.51:090][  0]LogD3D11RHI: Chosen D3D11 Adapter: 0
[2021.04.19-10.06.51:095][  0]LogD3D11RHI: Creating new Direct3DDevice
[2021.04.19-10.06.51:095][  0]LogD3D11RHI:     GPU DeviceId: 0x1b81 (for the marketing name, search the web for "GPU Device Id")
[2021.04.19-10.06.51:095][  0]LogWindows: EnumDisplayDevices:
[2021.04.19-10.06.51:096][  0]LogWindows:    0. 'NVIDIA GeForce GTX 1070' (P:1 D:1)
[2021.04.19-10.06.51:096][  0]LogWindows:    1. 'NVIDIA GeForce GTX 1070' (P:0 D:1)
[2021.04.19-10.06.51:096][  0]LogWindows:    2. 'NVIDIA GeForce GTX 1070' (P:0 D:0)
[2021.04.19-10.06.51:096][  0]LogWindows:    3. 'NVIDIA GeForce GTX 1070' (P:0 D:0)
[2021.04.19-10.06.51:096][  0]LogWindows: DebugString: FoundDriverCount:4 
[2021.04.19-10.06.51:096][  0]LogD3D11RHI:     Adapter Name: NVIDIA GeForce GTX 1070
[2021.04.19-10.06.51:096][  0]LogD3D11RHI:   Driver Version: 462.31 (internal:27.21.14.6231, unified:462.31)
[2021.04.19-10.06.51:096][  0]LogD3D11RHI:      Driver Date: 4-8-2021
[2021.04.19-10.06.51:096][  0]LogRHI: Texture pool is 5661 MB (70% of 8088 MB)
[2021.04.19-10.06.51:174][  0]LogD3D11RHI: RHI has support for 64 bit atomics
[2021.04.19-10.06.51:174][  0]LogD3D11RHI: Async texture creation enabled
[2021.04.19-10.06.51:175][  0]LogD3D11RHI: Array index from any shader is supported
[2021.04.19-10.06.51:198][  0]LogD3D11RHI: GPU Timing Frequency: 1000.000000 (Debug: 2 1)
[2021.04.19-10.06.51:439][  0]LogTargetPlatformManager: Display: Loaded TargetPlatform 'AllDesktop'
[2021.04.19-10.06.51:458][  0]LogTargetPlatformManager: Display: Loaded TargetPlatform 'Android'
[2021.04.19-10.06.51:458][  0]LogTargetPlatformManager: Display: Loaded TargetPlatform 'Android_ASTC'
[2021.04.19-10.06.51:458][  0]LogTargetPlatformManager: Display: Loaded TargetPlatform 'Android_DXT'
[2021.04.19-10.06.51:458][  0]LogTargetPlatformManager: Display: Loaded TargetPlatform 'Android_ETC2'
[2021.04.19-10.06.51:458][  0]LogTargetPlatformManager: Display: Loaded TargetPlatform 'AndroidClient'
[2021.04.19-10.06.51:458][  0]LogTargetPlatformManager: Display: Loaded TargetPlatform 'Android_ASTCClient'
[2021.04.19-10.06.51:458][  0]LogTargetPlatformManager: Display: Loaded TargetPlatform 'Android_DXTClient'
[2021.04.19-10.06.51:458][  0]LogTargetPlatformManager: Display: Loaded TargetPlatform 'Android_ETC2Client'
[2021.04.19-10.06.51:458][  0]LogTargetPlatformManager: Display: Loaded TargetPlatform 'Android_Multi'
[2021.04.19-10.06.51:458][  0]LogTargetPlatformManager: Display: Loaded TargetPlatform 'Android_MultiClient'
[2021.04.19-10.06.51:480][  0]LogTargetPlatformManager: Display: Loaded TargetPlatform 'IOSClient'
[2021.04.19-10.06.51:480][  0]LogTargetPlatformManager: Display: Loaded TargetPlatform 'IOS'
[2021.04.19-10.06.51:490][  0]LogTargetPlatformManager: Display: Loaded TargetPlatform 'Linux'
[2021.04.19-10.06.51:498][  0]LogTargetPlatformManager: Display: Loaded TargetPlatform 'LinuxNoEditor'
[2021.04.19-10.06.51:507][  0]LogTargetPlatformManager: Display: Loaded TargetPlatform 'LinuxClient'
[2021.04.19-10.06.51:517][  0]LogTargetPlatformManager: Display: Loaded TargetPlatform 'LinuxServer'
[2021.04.19-10.06.51:525][  0]LogTargetPlatformManager: Display: Loaded TargetPlatform 'LinuxAArch64NoEditor'
[2021.04.19-10.06.51:534][  0]LogTargetPlatformManager: Display: Loaded TargetPlatform 'LinuxAArch64Client'
[2021.04.19-10.06.51:542][  0]LogTargetPlatformManager: Display: Loaded TargetPlatform 'LinuxAArch64Server'
[2021.04.19-10.06.51:567][  0]LogTargetPlatformManager: Display: Loaded TargetPlatform 'Lumin'
[2021.04.19-10.06.51:567][  0]LogTargetPlatformManager: Display: Loaded TargetPlatform 'LuminClient'
[2021.04.19-10.06.51:582][  0]LogTargetPlatformManager: Display: Loaded TargetPlatform 'TVOSClient'
[2021.04.19-10.06.51:582][  0]LogTargetPlatformManager: Display: Loaded TargetPlatform 'TVOS'
[2021.04.19-10.06.51:591][  0]LogTargetPlatformManager: Display: Loaded TargetPlatform 'WindowsNoEditor'
[2021.04.19-10.06.51:600][  0]LogTargetPlatformManager: Display: Loaded TargetPlatform 'Windows'
[2021.04.19-10.06.51:609][  0]LogTargetPlatformManager: Display: Loaded TargetPlatform 'WindowsClient'
[2021.04.19-10.06.51:617][  0]LogTargetPlatformManager: Display: Loaded TargetPlatform 'WindowsServer'
[2021.04.19-10.06.51:617][  0]LogTargetPlatformManager: Display: Building Assets For Windows
[2021.04.19-10.06.51:624][  0]LogAudioDebug: Display: Lib vorbis DLL was dynamically loaded.
[2021.04.19-10.06.51:687][  0]LogShaderCompilers: Guid format shader working directory is 0 characters bigger than the processId version (../../../../../FastForge/FastForge/FastForge/Intermediate/Shaders/WorkingDirectory/29636/).
[2021.04.19-10.06.51:687][  0]LogShaderCompilers: Cleaned the shader compiler working directory 'C:/Users/Igli/AppData/Local/Temp/UnrealShaderWorkingDir/6DE6FC73419220AF3B36E78686F3B912/'.
[2021.04.19-10.06.51:688][  0]LogXGEController: Cleaning working directory: C:/Users/Igli/AppData/Local/Temp/UnrealXGEWorkingDir/
[2021.04.19-10.06.51:689][  0]LogXGEController: Cannot use XGE Controller as Incredibuild is not installed on this machine.
[2021.04.19-10.06.51:689][  0]LogShaderCompilers: Cannot use XGE Shader Compiler as Incredibuild is not installed on this machine.
[2021.04.19-10.06.51:689][  0]LogShaderCompilers: Display: Using Local Shader Compiler.
[2021.04.19-10.06.52:332][  0]LogDerivedDataCache: Display: Max Cache Size: 512 MB
[2021.04.19-10.06.52:384][  0]LogDerivedDataCache: Loaded boot cache 0.05s 100MB C:/Users/Igli/AppData/Local/UnrealEngine/4.25/DerivedDataCache/Boot.ddc.
[2021.04.19-10.06.52:384][  0]LogDerivedDataCache: Display: Loaded Boot cache: C:/Users/Igli/AppData/Local/UnrealEngine/4.25/DerivedDataCache/Boot.ddc
[2021.04.19-10.06.52:384][  0]LogDerivedDataCache: FDerivedDataBackendGraph:  Pak pak cache file ../../../../../FastForge/FastForge/FastForge/DerivedDataCache/DDC.ddp not found, will not use a pak cache.
[2021.04.19-10.06.52:384][  0]LogDerivedDataCache: Unable to find inner node Pak for hierarchical cache Hierarchy.
[2021.04.19-10.06.52:384][  0]LogDerivedDataCache: FDerivedDataBackendGraph:  CompressedPak pak cache file ../../../../../FastForge/FastForge/FastForge/DerivedDataCache/Compressed.ddp not found, will not use a pak cache.
[2021.04.19-10.06.52:384][  0]LogDerivedDataCache: Unable to find inner node CompressedPak for hierarchical cache Hierarchy.
[2021.04.19-10.06.52:393][  0]LogDerivedDataCache: Display: Pak cache opened for reading ../../../Engine/DerivedDataCache/Compressed.ddp.
[2021.04.19-10.06.52:393][  0]LogDerivedDataCache: FDerivedDataBackendGraph:  EnterprisePak pak cache file ../../../Enterprise/DerivedDataCache/Compressed.ddp not found, will not use a pak cache.
[2021.04.19-10.06.52:393][  0]LogDerivedDataCache: Unable to find inner node EnterprisePak for hierarchical cache Hierarchy.
[2021.04.19-10.06.52:394][  0]LogDerivedDataCache: Using Local data cache path C:/Users/Igli/AppData/Local/UnrealEngine/Common/DerivedDataCache: Writable
[2021.04.19-10.06.52:394][  0]LogDerivedDataCache: Shared data cache path not found in *engine.ini, will not use an Shared cache.
[2021.04.19-10.06.52:394][  0]LogDerivedDataCache: Unable to find inner node Shared for hierarchical cache Hierarchy.
[2021.04.19-10.06.52:434][  0]LogSlate: Using FreeType 2.10.0
[2021.04.19-10.06.52:434][  0]LogSlate: SlateFontServices - WITH_FREETYPE: 1, WITH_HARFBUZZ: 1
[2021.04.19-10.06.52:457][  0]LogAssetRegistry: FAssetRegistry took 0.0020 seconds to start up
[2021.04.19-10.06.52:645][  0]LogInit: Selected Device Profile: [Windows]
[2021.04.19-10.06.52:740][  0]LogMeshReduction: Using QuadricMeshReduction for automatic static mesh reduction
[2021.04.19-10.06.52:740][  0]LogMeshReduction: Using SimplygonMeshReduction for automatic skeletal mesh reduction
[2021.04.19-10.06.52:740][  0]LogMeshReduction: Using ProxyLODMeshReduction for automatic mesh merging
[2021.04.19-10.06.52:740][  0]LogMeshReduction: No distributed automatic mesh merging module available
[2021.04.19-10.06.52:740][  0]LogMeshMerging: No distributed automatic mesh merging module available
[2021.04.19-10.06.52:755][  0]LogNetVersion: FastForge 1.0.0, NetCL: 13144385, EngineNetVer: 14, GameNetVer: 0 (Checksum: 298475312)
[2021.04.19-10.06.53:154][  0]LogAISub: UAISubsystem::UAISubsystem AISubsystem (0000021988641BC0), frame # 0
[2021.04.19-10.06.53:154][  0]LogAISub: UAISubsystem::UAISubsystem AIPerceptionSystem (000002198857BB00), frame # 0
[2021.04.19-10.06.53:155][  0]LogAISub: UAISubsystem::UAISubsystem EnvQueryManager (00000219885F1E00), frame # 0
[2021.04.19-10.06.53:208][  0]LogPackageLocalizationCache: Processed 21 localized package path(s) for 1 prioritized culture(s) in 0.046534 seconds
[2021.04.19-10.06.53:212][  0]LogUObjectArray: 15917 objects as part of root set at end of initial load.
[2021.04.19-10.06.53:213][  0]LogUObjectAllocator: 3965568 out of 0 bytes used by permanent object pool.
[2021.04.19-10.06.53:213][  0]LogUObjectArray: CloseDisregardForGC: 0/0 objects in disregard for GC pool
[2021.04.19-10.06.53:454][  0]LogPython: Using Python 2.7.14
[2021.04.19-10.06.54:262][  0]LogTcpMessaging: Initializing TcpMessaging bridge
[2021.04.19-10.06.54:267][  0]LogUdpMessaging: Initializing bridge on interface 0.0.0.0:0 to multicast group 230.0.0.1:6666.
[2021.04.19-10.06.54:387][  0]SourceControl: Source control is disabled
[2021.04.19-10.06.54:387][  0]SourceControl: Source control is disabled
[2021.04.19-10.06.54:390][  0]SourceControl: Source control is disabled
[2021.04.19-10.06.54:393][  0]SourceControl: Source control is disabled
[2021.04.19-10.06.54:398][  0]SourceControl: Source control is disabled
[2021.04.19-10.06.54:409][  0]LogVSAccessor: Display: Unable to create Visual Studio setup instance: 80040154
[2021.04.19-10.06.54:410][  0]LogVSAccessor: Display: Unable to create Visual Studio setup instance: 80040154
[2021.04.19-10.06.54:713][  0]LogAndroidPermission: UAndroidPermissionCallbackProxy::GetInstance
[2021.04.19-10.06.54:744][  0]LogAudioCaptureCore: Display: No Audio Capture implementations found. Audio input will be silent.
[2021.04.19-10.06.54:744][  0]LogAudioCaptureCore: Display: No Audio Capture implementations found. Audio input will be silent.
[2021.04.19-10.06.54:818][  0]LogOcInput: OculusInput pre-init called
[2021.04.19-10.06.54:832][  0]LogWindows: Failed to load 'OVRPlugin.dll' (GetLastError=126)
[2021.04.19-10.06.54:832][  0]LogWindows: File 'OVRPlugin.dll' does not exist
[2021.04.19-10.06.55:213][  0]LogEngine: Initializing Engine...
[2021.04.19-10.06.55:232][  0]LogHMD: Failed to initialize OpenVR with code 110
[2021.04.19-10.06.55:232][  0]LogMagicLeap: Warning: VR disabled because ZI is not enabled.  To enable, in the editor, Edit -> Project Settings -> Plugins -> Magic Leap Plugin -> Enable Zero Iteration
[2021.04.19-10.06.55:233][  0]LogStats: UGameplayTagsManager::InitializeManager -  0.000 s
[2021.04.19-10.06.55:326][  0]LogInit: Initializing FReadOnlyCVARCache
[2021.04.19-10.06.55:335][  0]LogAIModule: Creating AISystem for world Untitled
[2021.04.19-10.06.55:335][  0]LogAISub: UAISubsystem::UAISubsystem EnvQueryManager (0000021993F11C00), frame # 0
[2021.04.19-10.06.55:335][  0]LogAISub: UAISubsystem::UAISubsystem AIPerceptionSystem (0000021993F3D800), frame # 0
[2021.04.19-10.06.55:349][  0]LogAudioMixer: Display: Audio Mixer Platform Settings:
[2021.04.19-10.06.55:349][  0]LogAudioMixer: Display: 	Sample Rate:						  48000
[2021.04.19-10.06.55:349][  0]LogAudioMixer: Display: 	Callback Buffer Frame Size Requested: 1024
[2021.04.19-10.06.55:349][  0]LogAudioMixer: Display: 	Callback Buffer Frame Size To Use:	  1024
[2021.04.19-10.06.55:349][  0]LogAudioMixer: Display: 	Number of buffers to queue:			  2
[2021.04.19-10.06.55:349][  0]LogAudioMixer: Display: 	Max Channels (voices):				  32
[2021.04.19-10.06.55:349][  0]LogAudioMixer: Display: 	Number of Async Source Workers:		  0
[2021.04.19-10.06.55:349][  0]LogAudio: Display: AudioDevice MaxSources: 32
[2021.04.19-10.06.55:350][  0]LogAudio: Display: Using built-in audio occlusion.
[2021.04.19-10.06.55:350][  0]LogAudioMixer: Display: Initializing audio mixer.
[2021.04.19-10.06.55:367][  0]LogAudioMixer: Display: 0: FrontLeft
[2021.04.19-10.06.55:367][  0]LogAudioMixer: Display: 1: FrontRight
[2021.04.19-10.06.55:367][  0]LogAudioMixer: Display: 2: FrontCenter
[2021.04.19-10.06.55:367][  0]LogAudioMixer: Display: 3: LowFrequency
[2021.04.19-10.06.55:367][  0]LogAudioMixer: Display: 4: SideLeft
[2021.04.19-10.06.55:367][  0]LogAudioMixer: Display: 5: SideRight
[2021.04.19-10.06.55:401][  0]LogAudioMixer: Display: Using Audio Device Speakers (High Definition Audio Device)
[2021.04.19-10.06.55:403][  0]LogAudioMixer: Display: Initializing Sound Submixes...
[2021.04.19-10.06.55:406][  0]LogAudioMixer: Display: Creating Master Submix 'MasterSubmixDefault'
[2021.04.19-10.06.55:406][  0]LogAudioMixer: Display: Creating Master Submix 'MasterReverbSubmixDefault'
[2021.04.19-10.06.55:406][  0]LogAudioMixer: Display: Creating Master Submix 'MasterEQSubmixDefault'
[2021.04.19-10.06.55:407][  0]LogInit: FAudioDevice initialized.
[2021.04.19-10.06.55:407][  0]LogNetVersion: Set ProjectVersion to 1.0.0.0. Version Checksum will be recalculated on next use.
[2021.04.19-10.06.55:546][  0]LogDerivedDataCache: Saved boot cache 0.14s 100MB C:/Users/Igli/AppData/Local/UnrealEngine/4.25/DerivedDataCache/Boot.ddc.
[2021.04.19-10.06.55:550][  0]LogInit: Texture streaming: Enabled
[2021.04.19-10.06.55:563][  0]LogEngineSessionManager: EngineSessionManager initialized
[2021.04.19-10.06.55:563][  0]LogEditorSessionSummary: Verbose: Initializing EditorSessionSummaryWriter for editor session tracking
[2021.04.19-10.06.55:564][  0]LogEditorSessionSummary: EditorSessionSummaryWriter initialized
[2021.04.19-10.06.55:631][  0]LogInit: Transaction tracking system initialized
[2021.04.19-10.06.55:650][  0]BlueprintLog: New page: Editor Load
[2021.04.19-10.06.55:715][  0]LocalizationService: Localization service is disabled
[2021.04.19-10.06.55:795][  0]LogVSAccessor: Display: Unable to create Visual Studio setup instance: 80040154
[2021.04.19-10.06.55:796][  0]LogVSAccessor: Display: Unable to create Visual Studio setup instance: 80040154
[2021.04.19-10.06.55:962][  0]LogCook: Display: Max memory allowance for cook 16384mb min free memory 0mb
[2021.04.19-10.06.55:962][  0]LogCook: Display: Mobile HDR setting 1
[2021.04.19-10.06.56:105][  0]LogFileCache: Scanning file cache for directory 'D:/FastForge/FastForge/FastForge/Content/' took 0.04s
[2021.04.19-10.06.56:297][  0]SourceControl: Source control is disabled
[2021.04.19-10.06.56:297][  0]LogUnrealEdMisc: Loading editor; pre map load, took 7.950
[2021.04.19-10.06.56:297][  0]Cmd: MAP LOAD FILE="../../../../../FastForge/FastForge/FastForge/Content/Level/MainLevel_MK1.umap" TEMPLATE=0 SHOWPROGRESS=1 FEATURELEVEL=3
[2021.04.19-10.06.56:297][  0]LightingResults: New page: Lighting Build
[2021.04.19-10.06.56:298][  0]LogWorld: UWorld::CleanupWorld for Untitled, bSessionEnded=true, bCleanupResources=true
[2021.04.19-10.06.56:299][  0]LogSlate: InvalidateAllWidgets triggered.  All widgets were invalidated
[2021.04.19-10.06.56:299][  0]MapCheck: New page: Map Check
[2021.04.19-10.06.56:299][  0]LightingResults: New page: Lighting Build
[2021.04.19-10.06.56:308][  0]LogAISub: UAISubsystem::~UAISubsystem EnvQueryManager (0000021993F11C00), frame # 0
[2021.04.19-10.06.56:308][  0]LogAISub: UAISubsystem::~UAISubsystem AIPerceptionSystem (0000021993F3D800), frame # 0
[2021.04.19-10.06.56:309][  0]LogUObjectHash: Compacting FUObjectHashTables data took   0.71ms
[2021.04.19-10.07.09:285][  0]LogStaticMesh: Building static mesh SM_Furnace...
[2021.04.19-10.07.09:496][  0]LogStaticMesh: Built static mesh [0.21s] /Game/Art/PropAssets/Meshes/SM_Furnace.SM_Furnace
[2021.04.19-10.07.11:478][  0]LogAIModule: Creating AISystem for world MainLevel_MK1
[2021.04.19-10.07.11:478][  0]LogAISub: UAISubsystem::UAISubsystem EnvQueryManager (00000219B9204E00), frame # 0
[2021.04.19-10.07.11:479][  0]LogAISub: UAISubsystem::UAISubsystem AIPerceptionSystem (00000219B91FA5C0), frame # 0
[2021.04.19-10.07.11:709][  0]LogEditorServer: Finished looking for orphan Actors (0.000 secs)
[2021.04.19-10.07.11:766][  0]LogUObjectHash: Compacting FUObjectHashTables data took   1.31ms
[2021.04.19-10.07.11:771][  0]Cmd: MAP CHECKDEP NOCLEARLOG
[2021.04.19-10.07.11:771][  0]MapCheck: Map check complete: 0 Error(s), 0 Warning(s), took 0.217ms to complete.
[2021.04.19-10.07.11:771][  0]LogFileHelpers: Loading map 'MainLevel_MK1' took 15.474
[2021.04.19-10.07.11:823][  0]LogUnrealEdMisc: Total Editor Startup Time, took 23.476
[2021.04.19-10.07.12:290][  0]LogSlate: Updating window title bar state: overlay mode, drag disabled, window buttons hidden, title bar hidden
[2021.04.19-10.07.12:296][  0]LogSlate: Updating window title bar state: overlay mode, drag disabled, window buttons hidden, title bar hidden
[2021.04.19-10.07.12:301][  0]LogSlate: Updating window title bar state: overlay mode, drag disabled, window buttons hidden, title bar hidden
[2021.04.19-10.07.12:306][  0]LogSlate: Updating window title bar state: overlay mode, drag disabled, window buttons hidden, title bar hidden
[2021.04.19-10.07.12:368][  0]LogCollectionManager: Loaded 0 collections in 0.001665 seconds
[2021.04.19-10.07.12:653][  0]LogFileCache: Scanning file cache for directory 'D:/FastForge/FastForge/FastForge/Saved/Collections/' took 0.00s
[2021.04.19-10.07.12:653][  0]LogFileCache: Scanning file cache for directory 'D:/FastForge/FastForge/FastForge/Content/Developers/Igli/Collections/' took 0.00s
[2021.04.19-10.07.12:653][  0]LogFileCache: Scanning file cache for directory 'D:/FastForge/FastForge/FastForge/Content/Collections/' took 0.00s
[2021.04.19-10.07.12:653][  0]LogContentBrowser: Native class hierarchy populated in 0.0075 seconds. Added 3446 classes and 828 folders.
[2021.04.19-10.07.12:787][  0]LogContentBrowser: Native class hierarchy updated for 'WidgetCarousel' in 0.0012 seconds. Added 0 classes and 0 folders.
[2021.04.19-10.07.13:870][  0]LogContentBrowser: Native class hierarchy updated for 'AddContentDialog' in 0.0003 seconds. Added 0 classes and 0 folders.
[2021.04.19-10.07.13:915][  0]LogContentBrowser: Native class hierarchy updated for 'SceneOutliner' in 0.0003 seconds. Added 2 classes and 0 folders.
[2021.04.19-10.07.14:786][  0]LogSlate: Took 0.000174 seconds to synchronously load lazily loaded font '../../../Engine/Content/Slate/Fonts/Roboto-Regular.ttf' (155K)
[2021.04.19-10.07.14:795][  0]LogSlate: Took 0.000171 seconds to synchronously load lazily loaded font '../../../Engine/Content/Slate/Fonts/Roboto-Bold.ttf' (160K)
[2021.04.19-10.07.15:012][  0]LogRenderer: Reallocating scene render targets to support 1304x568 Format 10 NumSamples 1 (Frame:1).
[2021.04.19-10.07.15:372][  0]LogContentBrowser: Native class hierarchy updated for 'HierarchicalLODOutliner' in 0.0002 seconds. Added 0 classes and 0 folders.
[2021.04.19-10.07.15:372][  0]LogLoad: (Engine Initialization) Total time: 27.02 seconds
[2021.04.19-10.07.15:372][  0]LogLoad: (Engine Initialization) Total Blueprint compile time: 0.00 seconds
[2021.04.19-10.07.15:498][  0]LogAssetRegistry: Asset discovery search completed in 23.0423 seconds
[2021.04.19-10.07.15:502][  0]LogCollectionManager: Fixed up redirectors for 0 collections in 0.000002 seconds (updated 0 objects)
[2021.04.19-10.07.15:517][  0]LogContentStreaming: Texture pool size now 1000 MB
[2021.04.19-10.07.16:748][  4]LogSlate: Took 0.010970 seconds to synchronously load lazily loaded font '../../../Engine/Content/Slate/Fonts/Roboto-Light.ttf' (167K)
[2021.04.19-10.07.17:161][  9]LogEditorViewport: Clicking on Actor (LMB): StaticMeshActor (Floor4)
[2021.04.19-10.07.17:607][  9]LogSlate: Took 0.020733 seconds to synchronously load lazily loaded font '../../../Engine/Content/Editor/Slate/Fonts/FontAwesome.ttf' (139K)
[2021.04.19-10.07.18:724][ 77]LogRenderer: Reallocating scene render targets to support 1304x572 Format 10 NumSamples 1 (Frame:60).
[2021.04.19-10.07.18:769][ 78]LogRenderer: Reallocating scene render targets to support 1304x576 Format 10 NumSamples 1 (Frame:62).
[2021.04.19-10.07.18:821][ 79]LogRenderer: Reallocating scene render targets to support 1304x584 Format 10 NumSamples 1 (Frame:64).
[2021.04.19-10.07.18:862][ 80]LogRenderer: Reallocating scene render targets to support 1304x592 Format 10 NumSamples 1 (Frame:66).
[2021.04.19-10.07.18:909][ 81]LogRenderer: Reallocating scene render targets to support 1304x600 Format 10 NumSamples 1 (Frame:68).
[2021.04.19-10.07.18:957][ 82]LogRenderer: Reallocating scene render targets to support 1304x612 Format 10 NumSamples 1 (Frame:70).
[2021.04.19-10.07.18:999][ 83]LogRenderer: Reallocating scene render targets to support 1304x624 Format 10 NumSamples 1 (Frame:72).
[2021.04.19-10.07.19:038][ 84]LogRenderer: Reallocating scene render targets to support 1304x632 Format 10 NumSamples 1 (Frame:74).
[2021.04.19-10.07.19:104][ 86]LogRenderer: Reallocating scene render targets to support 1304x636 Format 10 NumSamples 1 (Frame:78).
[2021.04.19-10.07.24:915][738]LogTemp: Repeating last play command: New Editor Window (PIE)
[2021.04.19-10.07.24:944][738]LogPlayLevel: PlayLevel: No blueprints needed recompiling
[2021.04.19-10.07.25:038][738]PIE: New page: PIE session: MainLevel_MK1 (19 Apr 2021, 12:07:24)
[2021.04.19-10.07.25:047][738]LogOnline: OSS: Creating online subsystem instance for: NULL
[2021.04.19-10.07.25:050][738]LogOnline: OSS: TryLoadSubsystemAndSetDefault: Loaded subsystem for module [NULL]
[2021.04.19-10.07.25:093][738]LogPlayLevel: Creating play world package: /Game/Level/UEDPIE_0_MainLevel_MK1
[2021.04.19-10.07.25:147][738]LogPlayLevel: PIE: StaticDuplicateObject took: (0.054424s)
[2021.04.19-10.07.25:159][738]LogAIModule: Creating AISystem for world MainLevel_MK1
[2021.04.19-10.07.25:159][738]LogAISub: UAISubsystem::UAISubsystem EnvQueryManager (00000219BE825E00), frame # 738
[2021.04.19-10.07.25:159][738]LogAISub: UAISubsystem::UAISubsystem AIPerceptionSystem (00000219AA4A2E80), frame # 738
[2021.04.19-10.07.25:159][738]LogPlayLevel: PIE: World Init took: (0.001108s)
[2021.04.19-10.07.25:159][738]LogPlayLevel: PIE: Created PIE world by copying editor world from /Game/Level/MainLevel_MK1.MainLevel_MK1 to /Game/Level/UEDPIE_0_MainLevel_MK1.MainLevel_MK1 (0.066980s)
[2021.04.19-10.07.25:170][738]LogUObjectHash: Compacting FUObjectHashTables data took   1.02ms
[2021.04.19-10.07.25:172][738]LogAudioMixer: Display: Audio Mixer Platform Settings:
[2021.04.19-10.07.25:172][738]LogAudioMixer: Display: 	Sample Rate:						  48000
[2021.04.19-10.07.25:172][738]LogAudioMixer: Display: 	Callback Buffer Frame Size Requested: 1024
[2021.04.19-10.07.25:172][738]LogAudioMixer: Display: 	Callback Buffer Frame Size To Use:	  1024
[2021.04.19-10.07.25:172][738]LogAudioMixer: Display: 	Number of buffers to queue:			  2
[2021.04.19-10.07.25:172][738]LogAudioMixer: Display: 	Max Channels (voices):				  32
[2021.04.19-10.07.25:172][738]LogAudioMixer: Display: 	Number of Async Source Workers:		  0
[2021.04.19-10.07.25:172][738]LogAudio: Display: AudioDevice MaxSources: 32
[2021.04.19-10.07.25:173][738]LogAudio: Display: Using built-in audio occlusion.
[2021.04.19-10.07.25:173][738]LogAudioMixer: Display: Initializing audio mixer.
[2021.04.19-10.07.25:180][738]LogAudioMixer: Display: 0: FrontLeft
[2021.04.19-10.07.25:180][738]LogAudioMixer: Display: 1: FrontRight
[2021.04.19-10.07.25:180][738]LogAudioMixer: Display: 2: FrontCenter
[2021.04.19-10.07.25:180][738]LogAudioMixer: Display: 3: LowFrequency
[2021.04.19-10.07.25:180][738]LogAudioMixer: Display: 4: SideLeft
[2021.04.19-10.07.25:180][738]LogAudioMixer: Display: 5: SideRight
[2021.04.19-10.07.25:198][738]LogAudioMixer: Display: Using Audio Device Speakers (High Definition Audio Device)
[2021.04.19-10.07.25:198][738]LogAudioMixer: Display: Initializing Sound Submixes...
[2021.04.19-10.07.25:198][738]LogAudioMixer: Display: Creating Master Submix 'MasterSubmixDefault'
[2021.04.19-10.07.25:198][738]LogAudioMixer: Display: Creating Master Submix 'MasterReverbSubmixDefault'
[2021.04.19-10.07.25:198][738]LogAudioMixer: Display: Creating Master Submix 'MasterEQSubmixDefault'
[2021.04.19-10.07.25:208][738]LogInit: FAudioDevice initialized.
[2021.04.19-10.07.25:246][738]LogSlate: Updating window title bar state: overlay mode, drag disabled, window buttons hidden, title bar hidden
[2021.04.19-10.07.25:246][738]LogLoad: Game class is 'BP_FastForge_GM_C'
[2021.04.19-10.07.25:275][738]LogWorld: Bringing World /Game/Level/UEDPIE_0_MainLevel_MK1.MainLevel_MK1 up for play (max tick rate 0) at 2021.04.19-11.07.25
[2021.04.19-10.07.25:276][738]LogWorld: Bringing up level for play took: 0.007121
[2021.04.19-10.07.25:276][738]LogOnline: OSS: Creating online subsystem instance for: :Context_3
[2021.04.19-10.07.25:340][738]LogContentBrowser: Native class hierarchy updated for 'MovieSceneCapture' in 0.0014 seconds. Added 20 classes and 0 folders.
[2021.04.19-10.07.25:340][738]LogGameMode: Display: Match State Changed from EnteringMap to WaitingToStart
[2021.04.19-10.07.25:340][738]LogGameState: Match State Changed from EnteringMap to WaitingToStart
[2021.04.19-10.07.25:340][738]LogGameMode: Display: Match State Changed from WaitingToStart to InProgress
[2021.04.19-10.07.25:711][738]LogGameState: Match State Changed from WaitingToStart to InProgress
[2021.04.19-10.07.25:714][738]PIE: Server logged in
[2021.04.19-10.07.25:717][738]PIE: Play in editor total start time 0.774 seconds.
[2021.04.19-10.07.25:951][739]LogRenderer: Reallocating scene render targets to support 1304x720 Format 10 NumSamples 1 (Frame:1).
[2021.04.19-10.07.29:017][ 69]LogScript: Warning: Script Msg: Attempted to access index 0 from array 'Inventory' of length 0 in '/Game/Blueprint/Player/BP_Blacksmith_Con.BP_Blacksmith_Con_C'!
[2021.04.19-10.07.32:119][432]LogSlate: Window 'FastForge Preview [NetMode: Standalone] (64-bit/Windows) ' being destroyed
[2021.04.19-10.07.32:139][432]LogWorld: BeginTearingDown for /Game/Level/UEDPIE_0_MainLevel_MK1
[2021.04.19-10.07.32:167][432]LogWorld: UWorld::CleanupWorld for MainLevel_MK1, bSessionEnded=true, bCleanupResources=true
[2021.04.19-10.07.32:169][432]LogSlate: InvalidateAllWidgets triggered.  All widgets were invalidated
[2021.04.19-10.07.32:174][432]LogPlayLevel: Display: Shutting down PIE online subsystems
[2021.04.19-10.07.32:176][432]LogSlate: InvalidateAllWidgets triggered.  All widgets were invalidated
[2021.04.19-10.07.32:201][432]LogAISub: UAISubsystem::~UAISubsystem AIPerceptionSystem (00000219AA4A2E80), frame # 1432
[2021.04.19-10.07.32:201][432]LogAISub: UAISubsystem::~UAISubsystem EnvQueryManager (00000219BE825E00), frame # 1432
[2021.04.19-10.07.32:203][432]LogUObjectHash: Compacting FUObjectHashTables data took   0.73ms
[2021.04.19-10.07.32:289][433]LogPlayLevel: Display: Destroying online subsystem :Context_3
[2021.04.19-10.07.35:263][788]LogEditorViewport: Clicking on Actor (LMB): StaticMeshActor (Floor113)
[2021.04.19-10.08.14:670][282]LogSlate: Took 0.000179 seconds to synchronously load lazily loaded font '../../../Engine/Content/Slate/Fonts/Roboto-BoldCondensed.ttf' (158K)
[2021.04.19-10.08.31:709][273]LogEditorViewport: Clicking on Actor (LMB): StaticMeshActor (SM_MetalBar43)
[2021.04.19-10.08.33:081][425]LogEditorViewport: Clicking on Actor (CTRL LMB): StaticMeshActor (SM_MetalBar46)
[2021.04.19-10.08.33:669][491]LogEditorViewport: Clicking on Actor (CTRL LMB): StaticMeshActor (SM_MetalBar44)
[2021.04.19-10.08.39:839][169]LogEditorViewport: Clicking on Actor (LMB): StaticMeshActor (Sword_Bronze)
[2021.04.19-10.08.40:495][242]LogEditorViewport: Clicking on Actor (LMB): StaticMeshActor (SM_MetalBar9)
[2021.04.19-10.08.41:233][326]LogEditorViewport: Clicking Background
[2021.04.19-10.08.46:521][949]LogEditorViewport: Clicking Background
[2021.04.19-10.08.52:017][600]LogEditorViewport: Clicking Background
[2021.04.19-10.09.35:165][723]LogRenderer: Reallocating scene render targets to support 1344x732 Format 10 NumSamples 1 (Frame:14557).
[2021.04.19-10.09.35:316][724]LogRenderer: Reallocating scene render targets to support 1920x1040 Format 10 NumSamples 1 (Frame:14560).
[2021.04.19-10.09.36:699][844]LogEditorViewport: Clicking on Actor (LMB): Brush (Brush1)
[2021.04.19-10.09.40:693][207]LogClient: High resolution screenshot saved as D:/FastForge/FastForge/FastForge/Saved/Screenshots/Windows/HighresScreenshot00013.png
[2021.04.19-10.09.45:143][296]LogSlate: Window 'High Resolution Screenshot' being destroyed
[2021.04.19-10.09.58:800][828]LogClient: High resolution screenshot saved as D:/FastForge/FastForge/FastForge/Saved/Screenshots/Windows/HighresScreenshot00014.png
[2021.04.19-10.09.59:589][889]LogSlate: Window 'High Resolution Screenshot' being destroyed
[2021.04.19-10.10.16:480][415]LogClient: High resolution screenshot saved as D:/FastForge/FastForge/FastForge/Saved/Screenshots/Windows/HighresScreenshot00015.png
[2021.04.19-10.10.17:760][506]LogSlate: Window 'High Resolution Screenshot' being destroyed
[2021.04.19-10.10.22:681][916]LogEditorViewport: Clicking on Actor (LMB): StaticMeshActor (SM_CrateNoCoal8)
[2021.04.19-10.10.32:024][730]LogEditorViewport: Clicking on Actor (LMB): StaticMeshActor (Floor19)
[2021.04.19-10.10.34:539][928]LogEditorViewport: Clicking on Actor (CTRL LMB): StaticMeshActor (Floor18)
[2021.04.19-10.10.35:312][  1]LogEditorViewport: Clicking on Actor (CTRL LMB): StaticMeshActor (Floor17)
[2021.04.19-10.10.36:228][ 86]LogEditorViewport: Clicking on Actor (CTRL LMB): StaticMeshActor (Floor77)
[2021.04.19-10.10.39:677][380]LogEditorViewport: Clicking Background
[2021.04.19-10.11.00:351][403]LogEditorViewport: Clicking on Actor (LMB): BP_TanningRack_C (BP_TanningRack)
[2021.04.19-10.11.01:406][504]LogEditorViewport: Clicking on Actor (LMB): BP_TanningRack_C (BP_TanningRack)
[2021.04.19-10.11.02:443][606]LogEditorViewport: Clicking on Actor (LMB): BP_Storage_C (BP_Storage)
[2021.04.19-10.11.03:634][723]LogEditorViewport: Clicking on Actor (LMB): StaticMeshActor (shelf)
[2021.04.19-10.11.09:799][301]Cmd: TRANSACTION UNDO
[2021.04.19-10.11.09:799][301]LogEditorTransaction: Undo Rotate Actors
[2021.04.19-10.11.10:033][307]Cmd: TRANSACTION UNDO
[2021.04.19-10.11.10:033][307]LogEditorTransaction: Undo Move Actors
[2021.04.19-10.11.10:480][333]Cmd: TRANSACTION UNDO
[2021.04.19-10.11.10:480][333]LogEditorTransaction: Undo Move Actors
[2021.04.19-10.11.11:114][392]Cmd: TRANSACTION UNDO
[2021.04.19-10.11.11:114][392]LogEditorTransaction: Undo Clicking on Actors
[2021.04.19-10.11.14:178][679]LogEditorViewport: Clicking on Actor (LMB): StaticMeshActor (shelf)
[2021.04.19-10.11.16:159][881]LogEditorViewport: Clicking on Actor (CTRL LMB): StaticMeshActor (SM_CrateNoCoal3)
[2021.04.19-10.11.16:534][915]LogEditorViewport: Clicking on Actor (CTRL LMB): StaticMeshActor (SM_CrateNoCoal4)
[2021.04.19-10.11.19:700][198]Cmd: TRANSACTION UNDO
[2021.04.19-10.11.19:700][198]LogEditorTransaction: Undo Move Actors
[2021.04.19-10.11.40:062][300]LogEditorViewport: Clicking on Actor (LMB): StaticMeshActor (SM_CrateNoCoal9)
[2021.04.19-10.11.40:741][355]LogEditorViewport: Clicking on Actor (LMB): StaticMeshActor (shelf2)
[2021.04.19-10.11.41:779][457]LogEditorViewport: Clicking on Actor (LMB): StaticMeshActor (shelf2)
[2021.04.19-10.11.47:410][959]LogEditorViewport: Clicking on Actor (LMB): BP_Bin_C (BP_Bin)
[2021.04.19-10.12.06:845][676]LogEditorViewport: Clicking on Actor (LMB): StaticMeshActor (Plane3)
[2021.04.19-10.12.07:569][735]LogEditorViewport: Clicking Background
[2021.04.19-10.12.12:259][242]LogClient: High resolution screenshot saved as D:/FastForge/FastForge/FastForge/Saved/Screenshots/Windows/HighresScreenshot00016.png
[2021.04.19-10.12.13:093][309]LogSlate: Window 'High Resolution Screenshot' being destroyed
[2021.04.19-10.12.14:798][500]Cmd: SELECT NONE
[2021.04.19-10.17.22:765][851]LogUObjectHash: Compacting FUObjectHashTables data took   1.18ms
[2021.04.19-10.17.22:792][851]Cmd: OBJ SAVEPACKAGE PACKAGE="/Game/Level/MainLevel_MK1" FILE="../../../../../FastForge/FastForge/FastForge/Saved/Autosaves/Game/Level/MainLevel_MK1_Auto1.umap" SILENT=true AUTOSAVING=true KEEPDIRTY=false
[2021.04.19-10.17.23:316][851]LogSavePackage: Moving '../../../../../FastForge/FastForge/FastForge/Saved/MainLevel_MK1_Auto1BEFEC5274201F12A0BFDC8A9257903A2.tmp' to '../../../../../FastForge/FastForge/FastForge/Saved/Autosaves/Game/Level/MainLevel_MK1_Auto1.umap'
[2021.04.19-10.17.23:377][851]LogFileHelpers: Editor autosave (incl. sublevels) for '/Game/Level/MainLevel_MK1' took 0.638
[2021.04.19-10.17.23:377][851]LogFileHelpers: Editor autosave (incl. sublevels) for all levels took 0.638
[2021.04.19-11.24.27:509][161]Cmd: OBJ SAVEPACKAGE PACKAGE="/Game/Level/MainLevel_MK1" FILE="../../../../../FastForge/FastForge/FastForge/Content/Level/MainLevel_MK1.umap" SILENT=true AUTOSAVING=false KEEPDIRTY=false
[2021.04.19-11.24.27:554][161]LogUObjectHash: Compacting FUObjectHashTables data took   4.01ms
[2021.04.19-11.24.27:724][161]LogSavePackage: Moving '../../../../../FastForge/FastForge/FastForge/Saved/MainLevel_MK1FB87E1D640A1198CAF48B4B9A82B076D.tmp' to '../../../../../FastForge/FastForge/FastForge/Content/Level/MainLevel_MK1.umap'
[2021.04.19-11.24.27:827][161]Cmd: OBJ SAVEPACKAGE PACKAGE="/Game/Level/MainLevel_MK1_BuiltData" FILE="../../../../../FastForge/FastForge/FastForge/Content/Level/MainLevel_MK1_BuiltData.uasset" SILENT=true
[2021.04.19-11.24.28:407][161]LogSavePackage: Moving '../../../../../FastForge/FastForge/FastForge/Saved/MainLevel_MK1_BuiltData289ABC3443F052496004F8B2409CD1AD.tmp' to '../../../../../FastForge/FastForge/FastForge/Content/Level/MainLevel_MK1_BuiltData.uasset'
[2021.04.19-11.24.28:465][161]AssetCheck: New page: Asset Save: multiple assets
[2021.04.19-11.24.28:465][161]LogContentValidation: Display: Validating World /Game/Level/MainLevel_MK1.MainLevel_MK1
[2021.04.19-11.24.28:465][161]LogContentValidation: Display: Validating MapBuildDataRegistry /Game/Level/MainLevel_MK1_BuiltData.MainLevel_MK1_BuiltData
[2021.04.19-11.24.29:183][243]LogUObjectHash: Compacting FUObjectHashTables data took   1.17ms
